<?xml version="1.0" encoding="UTF-8"?>
<!-- Generated by org.testng.reporters.JUnitReportReporter -->
<testsuite skipped="0" hostname="VSURE-LAP" name="com.selenium.actions.ActionsDemo" tests="1" failures="0" timestamp="12 Aug 2018 06:40:37 GMT" time="18.717" errors="0">
  <testcase name="f" time="18.717" classname="com.selenium.actions.ActionsDemo"/>
</testsuite> <!-- com.selenium.actions.ActionsDemo -->
