<?xml version="1.0" encoding="UTF-8"?>
<!-- Generated by org.testng.reporters.JUnitReportReporter -->
<testsuite skipped="0" hostname="VSURE-LAP" name="com.selenium.pageobjectmodel.tests.GmailLogin" tests="1" failures="0" timestamp="04 Aug 2018 06:13:53 GMT" time="34.922" errors="0">
  <testcase name="f" time="34.922" classname="com.selenium.pageobjectmodel.tests.GmailLogin"/>
</testsuite> <!-- com.selenium.pageobjectmodel.tests.GmailLogin -->
