<?xml version="1.0" encoding="UTF-8"?>
<!-- Generated by org.testng.reporters.JUnitReportReporter -->
<testsuite skipped="0" hostname="VSURE-LAP" name="com.selenium.windows.WindowsDemo" tests="3" failures="0" timestamp="11 Aug 2018 15:56:27 GMT" time="89.276" errors="0">
  <testcase name="separateWindowsDemo" time="29.832" classname="com.selenium.windows.WindowsDemo"/>
  <testcase name="windowsDemo" time="27.530" classname="com.selenium.windows.WindowsDemo"/>
  <testcase name="multipleWindowsDemo" time="31.914" classname="com.selenium.windows.WindowsDemo"/>
</testsuite> <!-- com.selenium.windows.WindowsDemo -->
