<?xml version="1.0" encoding="UTF-8"?>
<!-- Generated by org.testng.reporters.JUnitReportReporter -->
<testsuite skipped="1" hostname="VSURE-LAP" name="com.selenium.dynamicwebtable.DynamicWebTable" tests="5" failures="0" timestamp="11 Aug 2018 16:00:52 GMT" time="97.562" errors="0">
  <testcase name="dynamicWebTableDemo3" time="21.305" classname="com.selenium.dynamicwebtable.DynamicWebTable"/>
  <testcase name="dynamicWebTableDemo4" time="38.127" classname="com.selenium.dynamicwebtable.DynamicWebTable"/>
  <testcase name="dynamicWebTableDemo" time="27.951" classname="com.selenium.dynamicwebtable.DynamicWebTable"/>
  <testcase name="dynamicWebTableDemo2" time="10.179" classname="com.selenium.dynamicwebtable.DynamicWebTable"/>
  <testcase name="f" classname="com.selenium.dynamicwebtable.DynamicWebTable">
    <skipped/>
  </testcase> <!-- f -->
</testsuite> <!-- com.selenium.dynamicwebtable.DynamicWebTable -->
