<?xml version="1.0" encoding="UTF-8"?>
<!-- Generated by org.testng.reporters.JUnitReportReporter -->
<testsuite skipped="0" hostname="VSURE-LAP" name="com.selenium.screenshots.ScreenshotDemo" tests="1" failures="0" timestamp="11 Aug 2018 07:38:43 GMT" time="25.857" errors="0">
  <testcase name="screenshotDemo" time="25.857" classname="com.selenium.screenshots.ScreenshotDemo"/>
</testsuite> <!-- com.selenium.screenshots.ScreenshotDemo -->
