<?xml version="1.0" encoding="UTF-8"?>
<!-- Generated by org.testng.reporters.JUnitReportReporter -->
<testsuite skipped="0" hostname="VSURE-LAP" name="com.selenium.pageobjectmodel.tests.SendAMail" tests="1" failures="0" timestamp="04 Aug 2018 04:57:03 GMT" time="20.483" errors="0">
  <testcase name="f" time="20.483" classname="com.selenium.pageobjectmodel.tests.SendAMail"/>
</testsuite> <!-- com.selenium.pageobjectmodel.tests.SendAMail -->
