<?xml version="1.0" encoding="UTF-8"?>
<!-- Generated by org.testng.reporters.JUnitReportReporter -->
<testsuite skipped="0" hostname="VSURE-LAP" name="com.selenium.actions.ActionsDemoTest" tests="1" failures="0" timestamp="12 Aug 2018 07:26:36 GMT" time="21.353" errors="0">
  <testcase name="selctableTst" time="21.353" classname="com.selenium.actions.ActionsDemoTest"/>
</testsuite> <!-- com.selenium.actions.ActionsDemoTest -->
